# JRE version: OpenJDK Runtime Environment (21.0.7) (build 21.0.7+-13880790-b1038.58)
# Java VM: OpenJDK 64-Bit Server VM (21.0.7+-13880790-b1038.58, mixed mode, tiered, compressed oops, compressed class ptrs, g1 gc, windows-amd64)
GC Precious Log:
 CardTable entry size: 512
 Card Set container configuration: InlinePtr #cards 4 size 8 Array Of Cards #cards 32 size 80 Howl #buckets 8 coarsen threshold 7372 Howl Bitmap #cards 1024 size 144 coarsen threshold 921 Card regions per heap region 1 cards per card region 8192
 CPUs: 4 total, 4 available
 Memory: 8067M
 Large Page Support: Disabled
 NUMA Support: Disabled
 Compressed Oops: Enabled (Zero based)
 Heap Region Size: 4M
 Heap Min Capacity: 8M
 Heap Initial Capacity: 128M
 Heap Max Capacity: 8G
 Pre-touch: Disabled
 Parallel Workers: 4
 Concurrent Workers: 1
 Concurrent Refinement Workers: 4
 Periodic GC: Disabled
Heap:
 garbage-first heap   total 335872K, used 199337K [0x0000000600000000, 0x0000000800000000)
  region size 4096K, 4 young (16384K), 4 survivors (16384K)
 Metaspace       used 181031K, committed 183680K, reserved 1245184K
  class space    used 23672K, committed 24960K, reserved 1048576K
GC Heap History (20 events):
Event: 49.589 GC heap after
{Heap after GC invocations=51 (full 0):
 garbage-first heap   total 225280K, used 132758K [0x0000000600000000, 0x0000000800000000)
  region size 4096K, 2 young (8192K), 2 survivors (8192K)
 Metaspace       used 127725K, committed 130112K, reserved 1179648K
  class space    used 17692K, committed 18880K, reserved 1048576K
}
Event: 51.202 GC heap before
{Heap before GC invocations=51 (full 0):
 garbage-first heap   total 225280K, used 190102K [0x0000000600000000, 0x0000000800000000)
  region size 4096K, 17 young (69632K), 2 survivors (8192K)
 Metaspace       used 133326K, committed 135680K, reserved 1179648K
  class space    used 18302K, committed 19456K, reserved 1048576K
}
Event: 51.222 GC heap after
{Heap after GC invocations=52 (full 0):
 garbage-first heap   total 294912K, used 136382K [0x0000000600000000, 0x0000000800000000)
  region size 4096K, 3 young (12288K), 3 survivors (12288K)
 Metaspace       used 133326K, committed 135680K, reserved 1179648K
  class space    used 18302K, committed 19456K, reserved 1048576K
}
Event: 54.847 GC heap before
{Heap before GC invocations=52 (full 0):
 garbage-first heap   total 294912K, used 242878K [0x0000000600000000, 0x0000000800000000)
  region size 4096K, 29 young (118784K), 3 survivors (12288K)
 Metaspace       used 149451K, committed 151808K, reserved 1245184K
  class space    used 19966K, committed 21120K, reserved 1048576K
}
Event: 54.867 GC heap after
{Heap after GC invocations=53 (full 0):
 garbage-first heap   total 294912K, used 141717K [0x0000000600000000, 0x0000000800000000)
  region size 4096K, 4 young (16384K), 4 survivors (16384K)
 Metaspace       used 149451K, committed 151808K, reserved 1245184K
  class space    used 19966K, committed 21120K, reserved 1048576K
}
Event: 58.095 GC heap before
{Heap before GC invocations=53 (full 0):
 garbage-first heap   total 294912K, used 248213K [0x0000000600000000, 0x0000000800000000)
  region size 4096K, 31 young (126976K), 4 survivors (16384K)
 Metaspace       used 151685K, committed 154048K, reserved 1245184K
  class space    used 20141K, committed 21312K, reserved 1048576K
}
Event: 58.126 GC heap after
{Heap after GC invocations=54 (full 0):
 garbage-first heap   total 294912K, used 155509K [0x0000000600000000, 0x0000000800000000)
  region size 4096K, 4 young (16384K), 4 survivors (16384K)
 Metaspace       used 151685K, committed 154048K, reserved 1245184K
  class space    used 20141K, committed 21312K, reserved 1048576K
}
Event: 61.950 GC heap before
{Heap before GC invocations=54 (full 0):
 garbage-first heap   total 294912K, used 257909K [0x0000000600000000, 0x0000000800000000)
  region size 4096K, 29 young (118784K), 4 survivors (16384K)
 Metaspace       used 160921K, committed 163328K, reserved 1245184K
  class space    used 21164K, committed 22336K, reserved 1048576K
}
Event: 61.973 GC heap after
{Heap after GC invocations=55 (full 0):
 garbage-first heap   total 294912K, used 167065K [0x0000000600000000, 0x0000000800000000)
  region size 4096K, 3 young (12288K), 3 survivors (12288K)
 Metaspace       used 160921K, committed 163328K, reserved 1245184K
  class space    used 21164K, committed 22336K, reserved 1048576K
}
Event: 64.098 GC heap before
{Heap before GC invocations=55 (full 0):
 garbage-first heap   total 294912K, used 257177K [0x0000000600000000, 0x0000000800000000)
  region size 4096K, 25 young (102400K), 3 survivors (12288K)
 Metaspace       used 166829K, committed 169216K, reserved 1245184K
  class space    used 21959K, committed 23104K, reserved 1048576K
}
Event: 64.117 GC heap after
{Heap after GC invocations=56 (full 0):
 garbage-first heap   total 294912K, used 176296K [0x0000000600000000, 0x0000000800000000)
  region size 4096K, 3 young (12288K), 3 survivors (12288K)
 Metaspace       used 166829K, committed 169216K, reserved 1245184K
  class space    used 21959K, committed 23104K, reserved 1048576K
}
Event: 66.351 GC heap before
{Heap before GC invocations=57 (full 0):
 garbage-first heap   total 303104K, used 258216K [0x0000000600000000, 0x0000000800000000)
  region size 4096K, 23 young (94208K), 3 survivors (12288K)
 Metaspace       used 169720K, committed 172224K, reserved 1245184K
  class space    used 22376K, committed 23616K, reserved 1048576K
}
Event: 66.371 GC heap after
{Heap after GC invocations=58 (full 0):
 garbage-first heap   total 303104K, used 186231K [0x0000000600000000, 0x0000000800000000)
  region size 4096K, 3 young (12288K), 3 survivors (12288K)
 Metaspace       used 169720K, committed 172224K, reserved 1245184K
  class space    used 22376K, committed 23616K, reserved 1048576K
}
Event: 68.650 GC heap before
{Heap before GC invocations=58 (full 0):
 garbage-first heap   total 303104K, used 268151K [0x0000000600000000, 0x0000000800000000)
  region size 4096K, 23 young (94208K), 3 survivors (12288K)
 Metaspace       used 172873K, committed 175360K, reserved 1245184K
  class space    used 22638K, committed 23872K, reserved 1048576K
}
Event: 68.682 GC heap after
{Heap after GC invocations=59 (full 0):
 garbage-first heap   total 303104K, used 186562K [0x0000000600000000, 0x0000000800000000)
  region size 4096K, 2 young (8192K), 2 survivors (8192K)
 Metaspace       used 172873K, committed 175360K, reserved 1245184K
  class space    used 22638K, committed 23872K, reserved 1048576K
}
Event: 71.696 GC heap before
{Heap before GC invocations=59 (full 0):
 garbage-first heap   total 303104K, used 268482K [0x0000000600000000, 0x0000000800000000)
  region size 4096K, 23 young (94208K), 2 survivors (8192K)
 Metaspace       used 174621K, committed 177216K, reserved 1245184K
  class space    used 22789K, committed 24064K, reserved 1048576K
}
Event: 71.718 GC heap after
{Heap after GC invocations=60 (full 0):
 garbage-first heap   total 303104K, used 196437K [0x0000000600000000, 0x0000000800000000)
  region size 4096K, 3 young (12288K), 3 survivors (12288K)
 Metaspace       used 174621K, committed 177216K, reserved 1245184K
  class space    used 22789K, committed 24064K, reserved 1048576K
}
Event: 73.059 GC heap before
{Heap before GC invocations=61 (full 0):
 garbage-first heap   total 335872K, used 266069K [0x0000000600000000, 0x0000000800000000)
  region size 4096K, 20 young (81920K), 3 survivors (12288K)
 Metaspace       used 174689K, committed 177280K, reserved 1245184K
  class space    used 22790K, committed 24064K, reserved 1048576K
}
Event: 73.112 GC heap after
{Heap after GC invocations=62 (full 0):
 garbage-first heap   total 335872K, used 202887K [0x0000000600000000, 0x0000000800000000)
  region size 4096K, 2 young (8192K), 2 survivors (8192K)
 Metaspace       used 174689K, committed 177280K, reserved 1245184K
  class space    used 22790K, committed 24064K, reserved 1048576K
}
Event: 77.140 GC heap before
{Heap before GC invocations=62 (full 0):
 garbage-first heap   total 335872K, used 305287K [0x0000000600000000, 0x0000000800000000)
  region size 4096K, 27 young (110592K), 2 survivors (8192K)
 Metaspace       used 181031K, committed 183680K, reserved 1245184K
  class space    used 23672K, committed 24960K, reserved 1048576K
}

