# JRE version: OpenJDK Runtime Environment Temurin-17.0.17+10 (17.0.17+10) (build 17.0.17+10)
# Java VM: OpenJDK 64-Bit Server VM Temurin-17.0.17+10 (17.0.17+10, mixed mode, sharing, tiered, compressed oops, compressed class ptrs, g1 gc, windows-amd64)
GC Precious Log:
 CPUs: 4 total, 4 available
 Memory: 8067M
 Large Page Support: Disabled
 NUMA Support: Disabled
 Compressed Oops: Enabled (Zero based)
 Heap Region Size: 4M
 Heap Min Capacity: 8M
 Heap Initial Capacity: 128M
 Heap Max Capacity: 8G
 Pre-touch: Disabled
 Parallel Workers: 4
 Concurrent Workers: 1
 Concurrent Refinement Workers: 4
 Periodic GC: Disabled
Heap:
 garbage-first heap   total 1126400K, used 653219K [0x0000000600000000, 0x0000000800000000)
  region size 4096K, 96 young (393216K), 4 survivors (16384K)
 Metaspace       used 130663K, committed 132160K, reserved 1179648K
  class space    used 17871K, committed 18560K, reserved 1048576K
GC Heap History (20 events):
Event: 115.306 GC heap before
{Heap before GC invocations=53 (full 0):
 garbage-first heap   total 499712K, used 419288K [0x0000000600000000, 0x0000000800000000)
  region size 4096K, 51 young (208896K), 4 survivors (16384K)
 Metaspace       used 109340K, committed 110336K, reserved 1179648K
  class space    used 15093K, committed 15552K, reserved 1048576K
}
Event: 115.328 GC heap after
{Heap after GC invocations=54 (full 0):
 garbage-first heap   total 602112K, used 233129K [0x0000000600000000, 0x0000000800000000)
  region size 4096K, 4 young (16384K), 4 survivors (16384K)
 Metaspace       used 109340K, committed 110336K, reserved 1179648K
  class space    used 15093K, committed 15552K, reserved 1048576K
}
Event: 116.106 GC heap before
{Heap before GC invocations=54 (full 0):
 garbage-first heap   total 602112K, used 302761K [0x0000000600000000, 0x0000000800000000)
  region size 4096K, 22 young (90112K), 4 survivors (16384K)
 Metaspace       used 110683K, committed 111680K, reserved 1179648K
  class space    used 15348K, committed 15808K, reserved 1048576K
}
Event: 116.131 GC heap after
{Heap after GC invocations=55 (full 0):
 garbage-first heap   total 602112K, used 235697K [0x0000000600000000, 0x0000000800000000)
  region size 4096K, 5 young (20480K), 5 survivors (20480K)
 Metaspace       used 110683K, committed 111680K, reserved 1179648K
  class space    used 15348K, committed 15808K, reserved 1048576K
}
Event: 119.572 GC heap before
{Heap before GC invocations=56 (full 0):
 garbage-first heap   total 602112K, used 514225K [0x0000000600000000, 0x0000000800000000)
  region size 4096K, 73 young (299008K), 5 survivors (20480K)
 Metaspace       used 115699K, committed 116800K, reserved 1179648K
  class space    used 15930K, committed 16448K, reserved 1048576K
}
Event: 119.616 GC heap after
{Heap after GC invocations=57 (full 0):
 garbage-first heap   total 602112K, used 246756K [0x0000000600000000, 0x0000000800000000)
  region size 4096K, 7 young (28672K), 7 survivors (28672K)
 Metaspace       used 115699K, committed 116800K, reserved 1179648K
  class space    used 15930K, committed 16448K, reserved 1048576K
}
Event: 119.785 GC heap before
{Heap before GC invocations=57 (full 0):
 garbage-first heap   total 602112K, used 250852K [0x0000000600000000, 0x0000000800000000)
  region size 4096K, 8 young (32768K), 7 survivors (28672K)
 Metaspace       used 115747K, committed 116928K, reserved 1179648K
  class space    used 15938K, committed 16448K, reserved 1048576K
}
Event: 119.830 GC heap after
{Heap after GC invocations=58 (full 0):
 garbage-first heap   total 602112K, used 248453K [0x0000000600000000, 0x0000000800000000)
  region size 4096K, 1 young (4096K), 1 survivors (4096K)
 Metaspace       used 115747K, committed 116928K, reserved 1179648K
  class space    used 15938K, committed 16448K, reserved 1048576K
}
Event: 213.279 GC heap before
{Heap before GC invocations=58 (full 0):
 garbage-first heap   total 602112K, used 502405K [0x0000000600000000, 0x0000000800000000)
  region size 4096K, 63 young (258048K), 1 survivors (4096K)
 Metaspace       used 118453K, committed 119680K, reserved 1179648K
  class space    used 16175K, committed 16704K, reserved 1048576K
}
Event: 213.292 GC heap after
{Heap after GC invocations=59 (full 0):
 garbage-first heap   total 602112K, used 255145K [0x0000000600000000, 0x0000000800000000)
  region size 4096K, 3 young (12288K), 3 survivors (12288K)
 Metaspace       used 118453K, committed 119680K, reserved 1179648K
  class space    used 16175K, committed 16704K, reserved 1048576K
}
Event: 214.702 GC heap before
{Heap before GC invocations=60 (full 0):
 garbage-first heap   total 614400K, used 500905K [0x0000000600000000, 0x0000000800000000)
  region size 4096K, 63 young (258048K), 3 survivors (12288K)
 Metaspace       used 118344K, committed 119680K, reserved 1179648K
  class space    used 16131K, committed 16704K, reserved 1048576K
}
Event: 214.741 GC heap after
{Heap after GC invocations=61 (full 0):
 garbage-first heap   total 614400K, used 271988K [0x0000000600000000, 0x0000000800000000)
  region size 4096K, 7 young (28672K), 7 survivors (28672K)
 Metaspace       used 118344K, committed 119680K, reserved 1179648K
  class space    used 16131K, committed 16704K, reserved 1048576K
}
Event: 214.748 GC heap before
{Heap before GC invocations=61 (full 0):
 garbage-first heap   total 614400K, used 276084K [0x0000000600000000, 0x0000000800000000)
  region size 4096K, 8 young (32768K), 7 survivors (28672K)
 Metaspace       used 118344K, committed 119680K, reserved 1179648K
  class space    used 16131K, committed 16704K, reserved 1048576K
}
Event: 214.792 GC heap after
{Heap after GC invocations=62 (full 0):
 garbage-first heap   total 1126400K, used 273200K [0x0000000600000000, 0x0000000800000000)
  region size 4096K, 1 young (4096K), 1 survivors (4096K)
 Metaspace       used 118344K, committed 119680K, reserved 1179648K
  class space    used 16131K, committed 16704K, reserved 1048576K
}
Event: 217.914 GC heap before
{Heap before GC invocations=62 (full 0):
 garbage-first heap   total 1126400K, used 895792K [0x0000000600000000, 0x0000000800000000)
  region size 4096K, 153 young (626688K), 1 survivors (4096K)
 Metaspace       used 118361K, committed 119680K, reserved 1179648K
  class space    used 16132K, committed 16704K, reserved 1048576K
}
Event: 217.927 GC heap after
{Heap after GC invocations=63 (full 0):
 garbage-first heap   total 1126400K, used 278715K [0x0000000600000000, 0x0000000800000000)
  region size 4096K, 3 young (12288K), 3 survivors (12288K)
 Metaspace       used 118361K, committed 119680K, reserved 1179648K
  class space    used 16132K, committed 16704K, reserved 1048576K
}
Event: 221.705 GC heap before
{Heap before GC invocations=63 (full 0):
 garbage-first heap   total 1126400K, used 934075K [0x0000000600000000, 0x0000000800000000)
  region size 4096K, 163 young (667648K), 3 survivors (12288K)
 Metaspace       used 118371K, committed 119680K, reserved 1179648K
  class space    used 16133K, committed 16704K, reserved 1048576K
}
Event: 221.723 GC heap after
{Heap after GC invocations=64 (full 0):
 garbage-first heap   total 1126400K, used 282066K [0x0000000600000000, 0x0000000800000000)
  region size 4096K, 4 young (16384K), 4 survivors (16384K)
 Metaspace       used 118371K, committed 119680K, reserved 1179648K
  class space    used 16133K, committed 16704K, reserved 1048576K
}
Event: 227.666 GC heap before
{Heap before GC invocations=64 (full 0):
 garbage-first heap   total 1126400K, used 941522K [0x0000000600000000, 0x0000000800000000)
  region size 4096K, 165 young (675840K), 4 survivors (16384K)
 Metaspace       used 118390K, committed 119680K, reserved 1179648K
  class space    used 16134K, committed 16704K, reserved 1048576K
}
Event: 227.687 GC heap after
{Heap after GC invocations=65 (full 0):
 garbage-first heap   total 1126400K, used 284579K [0x0000000600000000, 0x0000000800000000)
  region size 4096K, 4 young (16384K), 4 survivors (16384K)
 Metaspace       used 118390K, committed 119680K, reserved 1179648K
  class space    used 16134K, committed 16704K, reserved 1048576K
}

