# JRE version: OpenJDK Runtime Environment (21.0.7) (build 21.0.7+-13880790-b1038.58)
# Java VM: OpenJDK 64-Bit Server VM (21.0.7+-13880790-b1038.58, mixed mode, tiered, compressed oops, compressed class ptrs, g1 gc, windows-amd64)
GC Precious Log:
 CardTable entry size: 512
 Card Set container configuration: InlinePtr #cards 4 size 8 Array Of Cards #cards 32 size 80 Howl #buckets 8 coarsen threshold 7372 Howl Bitmap #cards 1024 size 144 coarsen threshold 921 Card regions per heap region 1 cards per card region 8192
 CPUs: 4 total, 4 available
 Memory: 8067M
 Large Page Support: Disabled
 NUMA Support: Disabled
 Compressed Oops: Enabled (Zero based)
 Heap Region Size: 4M
 Heap Min Capacity: 8M
 Heap Initial Capacity: 128M
 Heap Max Capacity: 8G
 Pre-touch: Disabled
 Parallel Workers: 4
 Concurrent Workers: 1
 Concurrent Refinement Workers: 4
 Periodic GC: Disabled
Heap:
 garbage-first heap   total 688128K, used 208783K [0x0000000600000000, 0x0000000800000000)
  region size 4096K, 6 young (24576K), 6 survivors (24576K)
 Metaspace       used 171130K, committed 173568K, reserved 1245184K
  class space    used 21667K, committed 22848K, reserved 1048576K
GC Heap History (20 events):
Event: 198.266 GC heap after
{Heap after GC invocations=97 (full 0):
 garbage-first heap   total 573440K, used 147785K [0x0000000600000000, 0x0000000800000000)
  region size 4096K, 4 young (16384K), 4 survivors (16384K)
 Metaspace       used 158000K, committed 160320K, reserved 1245184K
  class space    used 20314K, committed 21440K, reserved 1048576K
}
Event: 200.148 GC heap before
{Heap before GC invocations=97 (full 0):
 garbage-first heap   total 573440K, used 475465K [0x0000000600000000, 0x0000000800000000)
  region size 4096K, 84 young (344064K), 4 survivors (16384K)
 Metaspace       used 158250K, committed 160576K, reserved 1245184K
  class space    used 20322K, committed 21440K, reserved 1048576K
}
Event: 200.164 GC heap after
{Heap after GC invocations=98 (full 0):
 garbage-first heap   total 573440K, used 147104K [0x0000000600000000, 0x0000000800000000)
  region size 4096K, 3 young (12288K), 3 survivors (12288K)
 Metaspace       used 158250K, committed 160576K, reserved 1245184K
  class space    used 20322K, committed 21440K, reserved 1048576K
}
Event: 201.442 GC heap before
{Heap before GC invocations=98 (full 0):
 garbage-first heap   total 573440K, used 478880K [0x0000000600000000, 0x0000000800000000)
  region size 4096K, 84 young (344064K), 3 survivors (12288K)
 Metaspace       used 158263K, committed 160576K, reserved 1245184K
  class space    used 20322K, committed 21440K, reserved 1048576K
}
Event: 201.455 GC heap after
{Heap after GC invocations=99 (full 0):
 garbage-first heap   total 573440K, used 148099K [0x0000000600000000, 0x0000000800000000)
  region size 4096K, 4 young (16384K), 4 survivors (16384K)
 Metaspace       used 158263K, committed 160576K, reserved 1245184K
  class space    used 20322K, committed 21440K, reserved 1048576K
}
Event: 202.472 GC heap before
{Heap before GC invocations=99 (full 0):
 garbage-first heap   total 573440K, used 475779K [0x0000000600000000, 0x0000000800000000)
  region size 4096K, 84 young (344064K), 4 survivors (16384K)
 Metaspace       used 158263K, committed 160576K, reserved 1245184K
  class space    used 20322K, committed 21440K, reserved 1048576K
}
Event: 202.486 GC heap after
{Heap after GC invocations=100 (full 0):
 garbage-first heap   total 573440K, used 149586K [0x0000000600000000, 0x0000000800000000)
  region size 4096K, 4 young (16384K), 4 survivors (16384K)
 Metaspace       used 158263K, committed 160576K, reserved 1245184K
  class space    used 20322K, committed 21440K, reserved 1048576K
}
Event: 203.574 GC heap before
{Heap before GC invocations=100 (full 0):
 garbage-first heap   total 573440K, used 477266K [0x0000000600000000, 0x0000000800000000)
  region size 4096K, 84 young (344064K), 4 survivors (16384K)
 Metaspace       used 158263K, committed 160576K, reserved 1245184K
  class space    used 20322K, committed 21440K, reserved 1048576K
}
Event: 203.589 GC heap after
{Heap after GC invocations=101 (full 0):
 garbage-first heap   total 688128K, used 148861K [0x0000000600000000, 0x0000000800000000)
  region size 4096K, 4 young (16384K), 4 survivors (16384K)
 Metaspace       used 158263K, committed 160576K, reserved 1245184K
  class space    used 20322K, committed 21440K, reserved 1048576K
}
Event: 208.586 GC heap before
{Heap before GC invocations=101 (full 0):
 garbage-first heap   total 688128K, used 542077K [0x0000000600000000, 0x0000000800000000)
  region size 4096K, 100 young (409600K), 4 survivors (16384K)
 Metaspace       used 158385K, committed 160704K, reserved 1245184K
  class space    used 20324K, committed 21440K, reserved 1048576K
}
Event: 208.649 GC heap after
{Heap after GC invocations=102 (full 0):
 garbage-first heap   total 688128K, used 160117K [0x0000000600000000, 0x0000000800000000)
  region size 4096K, 6 young (24576K), 6 survivors (24576K)
 Metaspace       used 158385K, committed 160704K, reserved 1245184K
  class space    used 20324K, committed 21440K, reserved 1048576K
}
Event: 268.829 GC heap before
{Heap before GC invocations=102 (full 0):
 garbage-first heap   total 688128K, used 549237K [0x0000000600000000, 0x0000000800000000)
  region size 4096K, 100 young (409600K), 6 survivors (24576K)
 Metaspace       used 168682K, committed 171072K, reserved 1245184K
  class space    used 21456K, committed 22656K, reserved 1048576K
}
Event: 268.937 GC heap after
{Heap after GC invocations=103 (full 0):
 garbage-first heap   total 688128K, used 188903K [0x0000000600000000, 0x0000000800000000)
  region size 4096K, 13 young (53248K), 13 survivors (53248K)
 Metaspace       used 168682K, committed 171072K, reserved 1245184K
  class space    used 21456K, committed 22656K, reserved 1048576K
}
Event: 269.885 GC heap before
{Heap before GC invocations=103 (full 0):
 garbage-first heap   total 688128K, used 541159K [0x0000000600000000, 0x0000000800000000)
  region size 4096K, 100 young (409600K), 13 survivors (53248K)
 Metaspace       used 168829K, committed 171264K, reserved 1245184K
  class space    used 21458K, committed 22656K, reserved 1048576K
}
Event: 270.197 GC heap after
{Heap after GC invocations=104 (full 0):
 garbage-first heap   total 688128K, used 196966K [0x0000000600000000, 0x0000000800000000)
  region size 4096K, 3 young (12288K), 3 survivors (12288K)
 Metaspace       used 168829K, committed 171264K, reserved 1245184K
  class space    used 21458K, committed 22656K, reserved 1048576K
}
Event: 272.052 GC heap before
{Heap before GC invocations=104 (full 0):
 garbage-first heap   total 688128K, used 590182K [0x0000000600000000, 0x0000000800000000)
  region size 4096K, 100 young (409600K), 3 survivors (12288K)
 Metaspace       used 171048K, committed 173504K, reserved 1245184K
  class space    used 21666K, committed 22848K, reserved 1048576K
}
Event: 272.077 GC heap after
{Heap after GC invocations=105 (full 0):
 garbage-first heap   total 688128K, used 207294K [0x0000000600000000, 0x0000000800000000)
  region size 4096K, 5 young (20480K), 5 survivors (20480K)
 Metaspace       used 171048K, committed 173504K, reserved 1245184K
  class space    used 21666K, committed 22848K, reserved 1048576K
}
Event: 273.204 GC heap before
{Heap before GC invocations=105 (full 0):
 garbage-first heap   total 688128K, used 592318K [0x0000000600000000, 0x0000000800000000)
  region size 4096K, 100 young (409600K), 5 survivors (20480K)
 Metaspace       used 171124K, committed 173568K, reserved 1245184K
  class space    used 21666K, committed 22848K, reserved 1048576K
}
Event: 273.247 GC heap after
{Heap after GC invocations=106 (full 0):
 garbage-first heap   total 688128K, used 204210K [0x0000000600000000, 0x0000000800000000)
  region size 4096K, 5 young (20480K), 5 survivors (20480K)
 Metaspace       used 171124K, committed 173568K, reserved 1245184K
  class space    used 21666K, committed 22848K, reserved 1048576K
}
Event: 275.165 GC heap before
{Heap before GC invocations=106 (full 0):
 garbage-first heap   total 688128K, used 589234K [0x0000000600000000, 0x0000000800000000)
  region size 4096K, 100 young (409600K), 5 survivors (20480K)
 Metaspace       used 171130K, committed 173568K, reserved 1245184K
  class space    used 21667K, committed 22848K, reserved 1048576K
}

