# JRE version: OpenJDK Runtime Environment (21.0.7) (build 21.0.7+-13880790-b1038.58)
# Java VM: OpenJDK 64-Bit Server VM (21.0.7+-13880790-b1038.58, mixed mode, tiered, compressed oops, compressed class ptrs, g1 gc, windows-amd64)
GC Precious Log:
 CardTable entry size: 512
 Card Set container configuration: InlinePtr #cards 4 size 8 Array Of Cards #cards 32 size 80 Howl #buckets 8 coarsen threshold 7372 Howl Bitmap #cards 1024 size 144 coarsen threshold 921 Card regions per heap region 1 cards per card region 8192
 CPUs: 4 total, 4 available
 Memory: 8067M
 Large Page Support: Disabled
 NUMA Support: Disabled
 Compressed Oops: Enabled (Zero based)
 Heap Region Size: 4M
 Heap Min Capacity: 8M
 Heap Initial Capacity: 128M
 Heap Max Capacity: 8G
 Pre-touch: Disabled
 Parallel Workers: 4
 Concurrent Workers: 1
 Concurrent Refinement Workers: 4
 Periodic GC: Disabled
Heap:
 garbage-first heap   total 688128K, used 351711K [0x0000000600000000, 0x0000000800000000)
  region size 4096K, 8 young (32768K), 8 survivors (32768K)
 Metaspace       used 254241K, committed 257408K, reserved 1310720K
  class space    used 32031K, committed 33536K, reserved 1048576K
GC Heap History (20 events):
Event: 4784.894 GC heap after
{Heap after GC invocations=105 (full 0):
 garbage-first heap   total 688128K, used 339968K [0x0000000600000000, 0x0000000800000000)
  region size 4096K, 6 young (24576K), 6 survivors (24576K)
 Metaspace       used 232866K, committed 235904K, reserved 1310720K
  class space    used 29709K, committed 31168K, reserved 1048576K
}
Event: 4787.965 GC heap before
{Heap before GC invocations=105 (full 0):
 garbage-first heap   total 688128K, used 622592K [0x0000000600000000, 0x0000000800000000)
  region size 4096K, 76 young (311296K), 6 survivors (24576K)
 Metaspace       used 232878K, committed 235904K, reserved 1310720K
  class space    used 29709K, committed 31168K, reserved 1048576K
}
Event: 4787.999 GC heap after
{Heap after GC invocations=106 (full 0):
 garbage-first heap   total 688128K, used 339323K [0x0000000600000000, 0x0000000800000000)
  region size 4096K, 5 young (20480K), 5 survivors (20480K)
 Metaspace       used 232878K, committed 235904K, reserved 1310720K
  class space    used 29709K, committed 31168K, reserved 1048576K
}
Event: 4981.208 GC heap before
{Heap before GC invocations=107 (full 0):
 garbage-first heap   total 688128K, used 630139K [0x0000000600000000, 0x0000000800000000)
  region size 4096K, 75 young (307200K), 5 survivors (20480K)
 Metaspace       used 233011K, committed 236032K, reserved 1310720K
  class space    used 29716K, committed 31168K, reserved 1048576K
}
Event: 4981.231 GC heap after
{Heap after GC invocations=108 (full 0):
 garbage-first heap   total 688128K, used 343243K [0x0000000600000000, 0x0000000800000000)
  region size 4096K, 5 young (20480K), 5 survivors (20480K)
 Metaspace       used 233011K, committed 236032K, reserved 1310720K
  class space    used 29716K, committed 31168K, reserved 1048576K
}
Event: 4982.910 GC heap before
{Heap before GC invocations=108 (full 0):
 garbage-first heap   total 688128K, used 625867K [0x0000000600000000, 0x0000000800000000)
  region size 4096K, 74 young (303104K), 5 survivors (20480K)
 Metaspace       used 237230K, committed 240256K, reserved 1310720K
  class space    used 30045K, committed 31488K, reserved 1048576K
}
Event: 4982.958 GC heap after
{Heap after GC invocations=109 (full 0):
 garbage-first heap   total 688128K, used 337020K [0x0000000600000000, 0x0000000800000000)
  region size 4096K, 5 young (20480K), 5 survivors (20480K)
 Metaspace       used 237230K, committed 240256K, reserved 1310720K
  class space    used 30045K, committed 31488K, reserved 1048576K
}
Event: 4985.446 GC heap before
{Heap before GC invocations=109 (full 0):
 garbage-first heap   total 688128K, used 619644K [0x0000000600000000, 0x0000000800000000)
  region size 4096K, 75 young (307200K), 5 survivors (20480K)
 Metaspace       used 238151K, committed 241152K, reserved 1310720K
  class space    used 30112K, committed 31552K, reserved 1048576K
}
Event: 4985.477 GC heap after
{Heap after GC invocations=110 (full 0):
 garbage-first heap   total 688128K, used 340299K [0x0000000600000000, 0x0000000800000000)
  region size 4096K, 5 young (20480K), 5 survivors (20480K)
 Metaspace       used 238151K, committed 241152K, reserved 1310720K
  class space    used 30112K, committed 31552K, reserved 1048576K
}
Event: 4987.443 GC heap before
{Heap before GC invocations=111 (full 0):
 garbage-first heap   total 688128K, used 627019K [0x0000000600000000, 0x0000000800000000)
  region size 4096K, 75 young (307200K), 5 survivors (20480K)
 Metaspace       used 238164K, committed 241152K, reserved 1310720K
  class space    used 30113K, committed 31552K, reserved 1048576K
}
Event: 4987.474 GC heap after
{Heap after GC invocations=112 (full 0):
 garbage-first heap   total 688128K, used 342907K [0x0000000600000000, 0x0000000800000000)
  region size 4096K, 6 young (24576K), 6 survivors (24576K)
 Metaspace       used 238164K, committed 241152K, reserved 1310720K
  class space    used 30113K, committed 31552K, reserved 1048576K
}
Event: 4988.927 GC heap before
{Heap before GC invocations=112 (full 0):
 garbage-first heap   total 688128K, used 621435K [0x0000000600000000, 0x0000000800000000)
  region size 4096K, 74 young (303104K), 6 survivors (24576K)
 Metaspace       used 238186K, committed 241280K, reserved 1310720K
  class space    used 30117K, committed 31616K, reserved 1048576K
}
Event: 4988.991 GC heap after
{Heap after GC invocations=113 (full 0):
 garbage-first heap   total 688128K, used 334473K [0x0000000600000000, 0x0000000800000000)
  region size 4096K, 5 young (20480K), 5 survivors (20480K)
 Metaspace       used 238186K, committed 241280K, reserved 1310720K
  class space    used 30117K, committed 31616K, reserved 1048576K
}
Event: 4990.598 GC heap before
{Heap before GC invocations=113 (full 0):
 garbage-first heap   total 688128K, used 625289K [0x0000000600000000, 0x0000000800000000)
  region size 4096K, 76 young (311296K), 5 survivors (20480K)
 Metaspace       used 238186K, committed 241280K, reserved 1310720K
  class space    used 30117K, committed 31616K, reserved 1048576K
}
Event: 4990.620 GC heap after
{Heap after GC invocations=114 (full 0):
 garbage-first heap   total 688128K, used 331773K [0x0000000600000000, 0x0000000800000000)
  region size 4096K, 4 young (16384K), 4 survivors (16384K)
 Metaspace       used 238186K, committed 241280K, reserved 1310720K
  class space    used 30117K, committed 31616K, reserved 1048576K
}
Event: 5007.320 GC heap before
{Heap before GC invocations=115 (full 0):
 garbage-first heap   total 688128K, used 626685K [0x0000000600000000, 0x0000000800000000)
  region size 4096K, 77 young (315392K), 4 survivors (16384K)
 Metaspace       used 242717K, committed 245824K, reserved 1310720K
  class space    used 30678K, committed 32192K, reserved 1048576K
}
Event: 5007.353 GC heap after
{Heap after GC invocations=116 (full 0):
 garbage-first heap   total 688128K, used 340823K [0x0000000600000000, 0x0000000800000000)
  region size 4096K, 6 young (24576K), 6 survivors (24576K)
 Metaspace       used 242717K, committed 245824K, reserved 1310720K
  class space    used 30678K, committed 32192K, reserved 1048576K
}
Event: 5011.987 GC heap before
{Heap before GC invocations=116 (full 0):
 garbage-first heap   total 688128K, used 619351K [0x0000000600000000, 0x0000000800000000)
  region size 4096K, 75 young (307200K), 6 survivors (24576K)
 Metaspace       used 242785K, committed 245888K, reserved 1310720K
  class space    used 30683K, committed 32192K, reserved 1048576K
}
Event: 5012.057 GC heap after
{Heap after GC invocations=117 (full 0):
 garbage-first heap   total 688128K, used 336302K [0x0000000600000000, 0x0000000800000000)
  region size 4096K, 5 young (20480K), 5 survivors (20480K)
 Metaspace       used 242785K, committed 245888K, reserved 1310720K
  class space    used 30683K, committed 32192K, reserved 1048576K
}
Event: 5030.200 GC heap before
{Heap before GC invocations=117 (full 0):
 garbage-first heap   total 688128K, used 623022K [0x0000000600000000, 0x0000000800000000)
  region size 4096K, 76 young (311296K), 5 survivors (20480K)
 Metaspace       used 254241K, committed 257408K, reserved 1310720K
  class space    used 32031K, committed 33536K, reserved 1048576K
}

