# JRE version: OpenJDK Runtime Environment Temurin-17.0.17+10 (17.0.17+10) (build 17.0.17+10)
# Java VM: OpenJDK 64-Bit Server VM Temurin-17.0.17+10 (17.0.17+10, mixed mode, sharing, tiered, compressed oops, compressed class ptrs, g1 gc, windows-amd64)
GC Precious Log:
 CPUs: 4 total, 4 available
 Memory: 8067M
 Large Page Support: Disabled
 NUMA Support: Disabled
 Compressed Oops: Enabled (Zero based)
 Heap Region Size: 4M
 Heap Min Capacity: 8M
 Heap Initial Capacity: 128M
 Heap Max Capacity: 8G
 Pre-touch: Disabled
 Parallel Workers: 4
 Concurrent Workers: 1
 Concurrent Refinement Workers: 4
 Periodic GC: Disabled
Heap:
 garbage-first heap   total 954368K, used 295317K [0x0000000600000000, 0x0000000800000000)
  region size 4096K, 5 young (20480K), 5 survivors (20480K)
 Metaspace       used 154260K, committed 155200K, reserved 1245184K
  class space    used 19213K, committed 19648K, reserved 1048576K
GC Heap History (20 events):
Event: 223.373 GC heap after
{Heap after GC invocations=108 (full 0):
 garbage-first heap   total 774144K, used 220942K [0x0000000600000000, 0x0000000800000000)
  region size 4096K, 7 young (28672K), 7 survivors (28672K)
 Metaspace       used 147694K, committed 148480K, reserved 1179648K
  class space    used 18500K, committed 18880K, reserved 1048576K
}
Event: 224.990 GC heap before
{Heap before GC invocations=108 (full 0):
 garbage-first heap   total 774144K, used 655118K [0x0000000600000000, 0x0000000800000000)
  region size 4096K, 113 young (462848K), 7 survivors (28672K)
 Metaspace       used 147726K, committed 148608K, reserved 1179648K
  class space    used 18501K, committed 18880K, reserved 1048576K
}
Event: 225.007 GC heap after
{Heap after GC invocations=109 (full 0):
 garbage-first heap   total 954368K, used 208226K [0x0000000600000000, 0x0000000800000000)
  region size 4096K, 4 young (16384K), 4 survivors (16384K)
 Metaspace       used 147726K, committed 148608K, reserved 1179648K
  class space    used 18501K, committed 18880K, reserved 1048576K
}
Event: 228.642 GC heap before
{Heap before GC invocations=109 (full 0):
 garbage-first heap   total 954368K, used 761186K [0x0000000600000000, 0x0000000800000000)
  region size 4096K, 139 young (569344K), 4 survivors (16384K)
 Metaspace       used 147753K, committed 148608K, reserved 1179648K
  class space    used 18501K, committed 18880K, reserved 1048576K
}
Event: 228.663 GC heap after
{Heap after GC invocations=110 (full 0):
 garbage-first heap   total 954368K, used 211994K [0x0000000600000000, 0x0000000800000000)
  region size 4096K, 5 young (20480K), 5 survivors (20480K)
 Metaspace       used 147753K, committed 148608K, reserved 1179648K
  class space    used 18501K, committed 18880K, reserved 1048576K
}
Event: 231.592 GC heap before
{Heap before GC invocations=110 (full 0):
 garbage-first heap   total 954368K, used 760858K [0x0000000600000000, 0x0000000800000000)
  region size 4096K, 139 young (569344K), 5 survivors (20480K)
 Metaspace       used 147799K, committed 148608K, reserved 1179648K
  class space    used 18506K, committed 18880K, reserved 1048576K
}
Event: 231.622 GC heap after
{Heap after GC invocations=111 (full 0):
 garbage-first heap   total 954368K, used 212574K [0x0000000600000000, 0x0000000800000000)
  region size 4096K, 7 young (28672K), 7 survivors (28672K)
 Metaspace       used 147799K, committed 148608K, reserved 1179648K
  class space    used 18506K, committed 18880K, reserved 1048576K
}
Event: 314.010 GC heap before
{Heap before GC invocations=111 (full 0):
 garbage-first heap   total 954368K, used 753246K [0x0000000600000000, 0x0000000800000000)
  region size 4096K, 139 young (569344K), 7 survivors (28672K)
 Metaspace       used 153283K, committed 154240K, reserved 1245184K
  class space    used 19191K, committed 19648K, reserved 1048576K
}
Event: 314.079 GC heap after
{Heap after GC invocations=112 (full 0):
 garbage-first heap   total 954368K, used 219108K [0x0000000600000000, 0x0000000800000000)
  region size 4096K, 9 young (36864K), 9 survivors (36864K)
 Metaspace       used 153283K, committed 154240K, reserved 1245184K
  class space    used 19191K, committed 19648K, reserved 1048576K
}
Event: 418.436 GC heap before
{Heap before GC invocations=112 (full 0):
 garbage-first heap   total 954368K, used 747492K [0x0000000600000000, 0x0000000800000000)
  region size 4096K, 139 young (569344K), 9 survivors (36864K)
 Metaspace       used 153967K, committed 154880K, reserved 1245184K
  class space    used 19211K, committed 19648K, reserved 1048576K
}
Event: 418.525 GC heap after
{Heap after GC invocations=113 (full 0):
 garbage-first heap   total 954368K, used 237242K [0x0000000600000000, 0x0000000800000000)
  region size 4096K, 13 young (53248K), 13 survivors (53248K)
 Metaspace       used 153967K, committed 154880K, reserved 1245184K
  class space    used 19211K, committed 19648K, reserved 1048576K
}
Event: 421.887 GC heap before
{Heap before GC invocations=113 (full 0):
 garbage-first heap   total 954368K, used 749242K [0x0000000600000000, 0x0000000800000000)
  region size 4096K, 139 young (569344K), 13 survivors (53248K)
 Metaspace       used 154076K, committed 155008K, reserved 1245184K
  class space    used 19211K, committed 19648K, reserved 1048576K
}
Event: 422.121 GC heap after
{Heap after GC invocations=114 (full 0):
 garbage-first heap   total 954368K, used 248482K [0x0000000600000000, 0x0000000800000000)
  region size 4096K, 11 young (45056K), 11 survivors (45056K)
 Metaspace       used 154076K, committed 155008K, reserved 1245184K
  class space    used 19211K, committed 19648K, reserved 1048576K
}
Event: 430.350 GC heap before
{Heap before GC invocations=114 (full 0):
 garbage-first heap   total 954368K, used 768674K [0x0000000600000000, 0x0000000800000000)
  region size 4096K, 139 young (569344K), 11 survivors (45056K)
 Metaspace       used 154144K, committed 155072K, reserved 1245184K
  class space    used 19212K, committed 19648K, reserved 1048576K
}
Event: 430.528 GC heap after
{Heap after GC invocations=115 (full 0):
 garbage-first heap   total 954368K, used 284199K [0x0000000600000000, 0x0000000800000000)
  region size 4096K, 18 young (73728K), 18 survivors (73728K)
 Metaspace       used 154144K, committed 155072K, reserved 1245184K
  class space    used 19212K, committed 19648K, reserved 1048576K
}
Event: 432.528 GC heap before
{Heap before GC invocations=115 (full 0):
 garbage-first heap   total 954368K, used 775719K [0x0000000600000000, 0x0000000800000000)
  region size 4096K, 139 young (569344K), 18 survivors (73728K)
 Metaspace       used 154211K, committed 155136K, reserved 1245184K
  class space    used 19212K, committed 19648K, reserved 1048576K
}
Event: 432.747 GC heap after
{Heap after GC invocations=116 (full 0):
 garbage-first heap   total 954368K, used 286044K [0x0000000600000000, 0x0000000800000000)
  region size 4096K, 10 young (40960K), 10 survivors (40960K)
 Metaspace       used 154211K, committed 155136K, reserved 1245184K
  class space    used 19212K, committed 19648K, reserved 1048576K
}
Event: 438.018 GC heap before
{Heap before GC invocations=116 (full 0):
 garbage-first heap   total 954368K, used 802140K [0x0000000600000000, 0x0000000800000000)
  region size 4096K, 136 young (557056K), 10 survivors (40960K)
 Metaspace       used 154242K, committed 155200K, reserved 1245184K
  class space    used 19213K, committed 19648K, reserved 1048576K
}
Event: 438.153 GC heap after
{Heap after GC invocations=117 (full 0):
 garbage-first heap   total 954368K, used 287427K [0x0000000600000000, 0x0000000800000000)
  region size 4096K, 3 young (12288K), 3 survivors (12288K)
 Metaspace       used 154242K, committed 155200K, reserved 1245184K
  class space    used 19213K, committed 19648K, reserved 1048576K
}
Event: 440.847 GC heap before
{Heap before GC invocations=117 (full 0):
 garbage-first heap   total 954368K, used 803523K [0x0000000600000000, 0x0000000800000000)
  region size 4096K, 129 young (528384K), 3 survivors (12288K)
 Metaspace       used 154260K, committed 155200K, reserved 1245184K
  class space    used 19213K, committed 19648K, reserved 1048576K
}

