# JRE version: OpenJDK Runtime Environment (21.0.7) (build 21.0.7+-13880790-b1038.58)
# Java VM: OpenJDK 64-Bit Server VM (21.0.7+-13880790-b1038.58, mixed mode, tiered, compressed oops, compressed class ptrs, g1 gc, windows-amd64)
GC Precious Log:
 CardTable entry size: 512
 Card Set container configuration: InlinePtr #cards 4 size 8 Array Of Cards #cards 32 size 80 Howl #buckets 8 coarsen threshold 7372 Howl Bitmap #cards 1024 size 144 coarsen threshold 921 Card regions per heap region 1 cards per card region 8192
 CPUs: 4 total, 4 available
 Memory: 8067M
 Large Page Support: Disabled
 NUMA Support: Disabled
 Compressed Oops: Enabled (Zero based)
 Heap Region Size: 4M
 Heap Min Capacity: 8M
 Heap Initial Capacity: 128M
 Heap Max Capacity: 8G
 Pre-touch: Disabled
 Parallel Workers: 4
 Concurrent Workers: 1
 Concurrent Refinement Workers: 4
 Periodic GC: Disabled
Heap:
 garbage-first heap   total 724992K, used 356103K [0x0000000600000000, 0x0000000800000000)
  region size 4096K, 5 young (20480K), 5 survivors (20480K)
 Metaspace       used 210370K, committed 213504K, reserved 1245184K
  class space    used 27361K, committed 28864K, reserved 1048576K
GC Heap History (20 events):
Event: 2771.375 GC heap after
{Heap after GC invocations=93 (full 0):
 garbage-first heap   total 602112K, used 325662K [0x0000000600000000, 0x0000000800000000)
  region size 4096K, 4 young (16384K), 4 survivors (16384K)
 Metaspace       used 209489K, committed 212608K, reserved 1245184K
  class space    used 27304K, committed 28800K, reserved 1048576K
}
Event: 2772.494 GC heap before
{Heap before GC invocations=93 (full 0):
 garbage-first heap   total 602112K, used 550942K [0x0000000600000000, 0x0000000800000000)
  region size 4096K, 59 young (241664K), 4 survivors (16384K)
 Metaspace       used 209496K, committed 212608K, reserved 1245184K
  class space    used 27304K, committed 28800K, reserved 1048576K
}
Event: 2772.532 GC heap after
{Heap after GC invocations=94 (full 0):
 garbage-first heap   total 602112K, used 320639K [0x0000000600000000, 0x0000000800000000)
  region size 4096K, 6 young (24576K), 6 survivors (24576K)
 Metaspace       used 209496K, committed 212608K, reserved 1245184K
  class space    used 27304K, committed 28800K, reserved 1048576K
}
Event: 2773.672 GC heap before
{Heap before GC invocations=94 (full 0):
 garbage-first heap   total 602112K, used 541823K [0x0000000600000000, 0x0000000800000000)
  region size 4096K, 60 young (245760K), 6 survivors (24576K)
 Metaspace       used 209496K, committed 212608K, reserved 1245184K
  class space    used 27304K, committed 28800K, reserved 1048576K
}
Event: 2773.695 GC heap after
{Heap after GC invocations=95 (full 0):
 garbage-first heap   total 724992K, used 325814K [0x0000000600000000, 0x0000000800000000)
  region size 4096K, 5 young (20480K), 5 survivors (20480K)
 Metaspace       used 209496K, committed 212608K, reserved 1245184K
  class space    used 27304K, committed 28800K, reserved 1048576K
}
Event: 2776.850 GC heap before
{Heap before GC invocations=96 (full 0):
 garbage-first heap   total 724992K, used 657590K [0x0000000600000000, 0x0000000800000000)
  region size 4096K, 87 young (356352K), 5 survivors (20480K)
 Metaspace       used 210019K, committed 213120K, reserved 1245184K
  class space    used 27351K, committed 28864K, reserved 1048576K
}
Event: 2776.928 GC heap after
{Heap after GC invocations=97 (full 0):
 garbage-first heap   total 724992K, used 355349K [0x0000000600000000, 0x0000000800000000)
  region size 4096K, 11 young (45056K), 11 survivors (45056K)
 Metaspace       used 210019K, committed 213120K, reserved 1245184K
  class space    used 27351K, committed 28864K, reserved 1048576K
}
Event: 2778.619 GC heap before
{Heap before GC invocations=97 (full 0):
 garbage-first heap   total 724992K, used 637973K [0x0000000600000000, 0x0000000800000000)
  region size 4096K, 80 young (327680K), 11 survivors (45056K)
 Metaspace       used 210121K, committed 213248K, reserved 1245184K
  class space    used 27352K, committed 28864K, reserved 1048576K
}
Event: 2778.703 GC heap after
{Heap after GC invocations=98 (full 0):
 garbage-first heap   total 724992K, used 351776K [0x0000000600000000, 0x0000000800000000)
  region size 4096K, 2 young (8192K), 2 survivors (8192K)
 Metaspace       used 210121K, committed 213248K, reserved 1245184K
  class space    used 27352K, committed 28864K, reserved 1048576K
}
Event: 2780.513 GC heap before
{Heap before GC invocations=98 (full 0):
 garbage-first heap   total 724992K, used 667168K [0x0000000600000000, 0x0000000800000000)
  region size 4096K, 79 young (323584K), 2 survivors (8192K)
 Metaspace       used 210130K, committed 213312K, reserved 1245184K
  class space    used 27352K, committed 28864K, reserved 1048576K
}
Event: 2780.524 GC heap after
{Heap after GC invocations=99 (full 0):
 garbage-first heap   total 724992K, used 352873K [0x0000000600000000, 0x0000000800000000)
  region size 4096K, 3 young (12288K), 3 survivors (12288K)
 Metaspace       used 210130K, committed 213312K, reserved 1245184K
  class space    used 27352K, committed 28864K, reserved 1048576K
}
Event: 2782.159 GC heap before
{Heap before GC invocations=100 (full 0):
 garbage-first heap   total 724992K, used 664169K [0x0000000600000000, 0x0000000800000000)
  region size 4096K, 80 young (327680K), 3 survivors (12288K)
 Metaspace       used 210136K, committed 213312K, reserved 1245184K
  class space    used 27353K, committed 28864K, reserved 1048576K
}
Event: 2782.169 GC heap after
{Heap after GC invocations=101 (full 0):
 garbage-first heap   total 724992K, used 352678K [0x0000000600000000, 0x0000000800000000)
  region size 4096K, 3 young (12288K), 3 survivors (12288K)
 Metaspace       used 210136K, committed 213312K, reserved 1245184K
  class space    used 27353K, committed 28864K, reserved 1048576K
}
Event: 2784.301 GC heap before
{Heap before GC invocations=101 (full 0):
 garbage-first heap   total 724992K, used 668070K [0x0000000600000000, 0x0000000800000000)
  region size 4096K, 80 young (327680K), 3 survivors (12288K)
 Metaspace       used 210261K, committed 213376K, reserved 1245184K
  class space    used 27355K, committed 28864K, reserved 1048576K
}
Event: 2784.327 GC heap after
{Heap after GC invocations=102 (full 0):
 garbage-first heap   total 724992K, used 341498K [0x0000000600000000, 0x0000000800000000)
  region size 4096K, 2 young (8192K), 2 survivors (8192K)
 Metaspace       used 210261K, committed 213376K, reserved 1245184K
  class space    used 27355K, committed 28864K, reserved 1048576K
}
Event: 2788.530 GC heap before
{Heap before GC invocations=102 (full 0):
 garbage-first heap   total 724992K, used 669178K [0x0000000600000000, 0x0000000800000000)
  region size 4096K, 82 young (335872K), 2 survivors (8192K)
 Metaspace       used 210330K, committed 213440K, reserved 1245184K
  class space    used 27360K, committed 28864K, reserved 1048576K
}
Event: 2788.552 GC heap after
{Heap after GC invocations=103 (full 0):
 garbage-first heap   total 724992K, used 348385K [0x0000000600000000, 0x0000000800000000)
  region size 4096K, 3 young (12288K), 3 survivors (12288K)
 Metaspace       used 210330K, committed 213440K, reserved 1245184K
  class space    used 27360K, committed 28864K, reserved 1048576K
}
Event: 2790.080 GC heap before
{Heap before GC invocations=104 (full 0):
 garbage-first heap   total 724992K, used 667873K [0x0000000600000000, 0x0000000800000000)
  region size 4096K, 81 young (331776K), 3 survivors (12288K)
 Metaspace       used 210342K, committed 213504K, reserved 1245184K
  class space    used 27361K, committed 28864K, reserved 1048576K
}
Event: 2790.101 GC heap after
{Heap after GC invocations=105 (full 0):
 garbage-first heap   total 724992K, used 348679K [0x0000000600000000, 0x0000000800000000)
  region size 4096K, 3 young (12288K), 3 survivors (12288K)
 Metaspace       used 210342K, committed 213504K, reserved 1245184K
  class space    used 27361K, committed 28864K, reserved 1048576K
}
Event: 2792.267 GC heap before
{Heap before GC invocations=105 (full 0):
 garbage-first heap   total 724992K, used 672263K [0x0000000600000000, 0x0000000800000000)
  region size 4096K, 81 young (331776K), 3 survivors (12288K)
 Metaspace       used 210370K, committed 213504K, reserved 1245184K
  class space    used 27361K, committed 28864K, reserved 1048576K
}

