# JRE version: OpenJDK Runtime Environment (21.0.7) (build 21.0.7+-13880790-b1038.58)
# Java VM: OpenJDK 64-Bit Server VM (21.0.7+-13880790-b1038.58, mixed mode, tiered, compressed oops, compressed class ptrs, g1 gc, windows-amd64)
GC Precious Log:
 CardTable entry size: 512
 Card Set container configuration: InlinePtr #cards 4 size 8 Array Of Cards #cards 32 size 80 Howl #buckets 8 coarsen threshold 7372 Howl Bitmap #cards 1024 size 144 coarsen threshold 921 Card regions per heap region 1 cards per card region 8192
 CPUs: 4 total, 4 available
 Memory: 8067M
 Large Page Support: Disabled
 NUMA Support: Disabled
 Compressed Oops: Enabled (Zero based)
 Heap Region Size: 4M
 Heap Min Capacity: 8M
 Heap Initial Capacity: 128M
 Heap Max Capacity: 8G
 Pre-touch: Disabled
 Parallel Workers: 4
 Concurrent Workers: 1
 Concurrent Refinement Workers: 4
 Periodic GC: Disabled
Heap:
 garbage-first heap   total 131072K, used 43436K [0x0000000600000000, 0x0000000800000000)
  region size 4096K, 2 young (8192K), 2 survivors (8192K)
 Metaspace       used 63737K, committed 65472K, reserved 1114112K
  class space    used 8984K, committed 9856K, reserved 1048576K
GC Heap History (20 events):
Event: 2.631 GC heap after
{Heap after GC invocations=3 (full 0):
 garbage-first heap   total 131072K, used 16412K [0x0000000600000000, 0x0000000800000000)
  region size 4096K, 3 young (12288K), 3 survivors (12288K)
 Metaspace       used 12401K, committed 12608K, reserved 1114112K
  class space    used 1312K, committed 1408K, reserved 1048576K
}
Event: 4.361 GC heap before
{Heap before GC invocations=3 (full 0):
 garbage-first heap   total 131072K, used 45084K [0x0000000600000000, 0x0000000800000000)
  region size 4096K, 12 young (49152K), 3 survivors (12288K)
 Metaspace       used 21196K, committed 21504K, reserved 1114112K
  class space    used 2481K, committed 2624K, reserved 1048576K
}
Event: 4.376 GC heap after
{Heap after GC invocations=4 (full 0):
 garbage-first heap   total 131072K, used 21002K [0x0000000600000000, 0x0000000800000000)
  region size 4096K, 2 young (8192K), 2 survivors (8192K)
 Metaspace       used 21196K, committed 21504K, reserved 1114112K
  class space    used 2481K, committed 2624K, reserved 1048576K
}
Event: 6.692 GC heap before
{Heap before GC invocations=5 (full 0):
 garbage-first heap   total 98304K, used 90634K [0x0000000600000000, 0x0000000800000000)
  region size 4096K, 19 young (77824K), 2 survivors (8192K)
 Metaspace       used 31750K, committed 32512K, reserved 1114112K
  class space    used 4195K, committed 4544K, reserved 1048576K
}
Event: 6.704 GC heap after
{Heap after GC invocations=6 (full 0):
 garbage-first heap   total 110592K, used 25690K [0x0000000600000000, 0x0000000800000000)
  region size 4096K, 3 young (12288K), 3 survivors (12288K)
 Metaspace       used 31750K, committed 32512K, reserved 1114112K
  class space    used 4195K, committed 4544K, reserved 1048576K
}
Event: 8.116 GC heap before
{Heap before GC invocations=6 (full 0):
 garbage-first heap   total 110592K, used 46170K [0x0000000600000000, 0x0000000800000000)
  region size 4096K, 9 young (36864K), 3 survivors (12288K)
 Metaspace       used 35180K, committed 35968K, reserved 1114112K
  class space    used 4752K, committed 5120K, reserved 1048576K
}
Event: 8.125 GC heap after
{Heap after GC invocations=7 (full 0):
 garbage-first heap   total 110592K, used 26841K [0x0000000600000000, 0x0000000800000000)
  region size 4096K, 1 young (4096K), 1 survivors (4096K)
 Metaspace       used 35180K, committed 35968K, reserved 1114112K
  class space    used 4752K, committed 5120K, reserved 1048576K
}
Event: 8.174 GC heap before
{Heap before GC invocations=7 (full 0):
 garbage-first heap   total 110592K, used 26841K [0x0000000600000000, 0x0000000800000000)
  region size 4096K, 2 young (8192K), 1 survivors (4096K)
 Metaspace       used 35503K, committed 36288K, reserved 1114112K
  class space    used 4803K, committed 5184K, reserved 1048576K
}
Event: 8.177 GC heap after
{Heap after GC invocations=8 (full 0):
 garbage-first heap   total 110592K, used 26336K [0x0000000600000000, 0x0000000800000000)
  region size 4096K, 1 young (4096K), 1 survivors (4096K)
 Metaspace       used 35503K, committed 36288K, reserved 1114112K
  class space    used 4803K, committed 5184K, reserved 1048576K
}
Event: 9.355 GC heap before
{Heap before GC invocations=9 (full 0):
 garbage-first heap   total 110592K, used 83680K [0x0000000600000000, 0x0000000800000000)
  region size 4096K, 16 young (65536K), 1 survivors (4096K)
 Metaspace       used 44529K, committed 45504K, reserved 1114112K
  class space    used 5803K, committed 6272K, reserved 1048576K
}
Event: 9.362 GC heap after
{Heap after GC invocations=10 (full 0):
 garbage-first heap   total 110592K, used 31365K [0x0000000600000000, 0x0000000800000000)
  region size 4096K, 2 young (8192K), 2 survivors (8192K)
 Metaspace       used 44529K, committed 45504K, reserved 1114112K
  class space    used 5803K, committed 6272K, reserved 1048576K
}
Event: 10.144 GC heap before
{Heap before GC invocations=10 (full 0):
 garbage-first heap   total 110592K, used 88709K [0x0000000600000000, 0x0000000800000000)
  region size 4096K, 16 young (65536K), 2 survivors (8192K)
 Metaspace       used 48493K, committed 49728K, reserved 1114112K
  class space    used 6500K, committed 7104K, reserved 1048576K
}
Event: 10.154 GC heap after
{Heap after GC invocations=11 (full 0):
 garbage-first heap   total 110592K, used 33907K [0x0000000600000000, 0x0000000800000000)
  region size 4096K, 1 young (4096K), 1 survivors (4096K)
 Metaspace       used 48493K, committed 49728K, reserved 1114112K
  class space    used 6500K, committed 7104K, reserved 1048576K
}
Event: 10.934 GC heap before
{Heap before GC invocations=11 (full 0):
 garbage-first heap   total 110592K, used 95347K [0x0000000600000000, 0x0000000800000000)
  region size 4096K, 16 young (65536K), 1 survivors (4096K)
 Metaspace       used 53505K, committed 55040K, reserved 1114112K
  class space    used 7306K, committed 8064K, reserved 1048576K
}
Event: 10.941 GC heap after
{Heap after GC invocations=12 (full 0):
 garbage-first heap   total 110592K, used 36876K [0x0000000600000000, 0x0000000800000000)
  region size 4096K, 2 young (8192K), 2 survivors (8192K)
 Metaspace       used 53505K, committed 55040K, reserved 1114112K
  class space    used 7306K, committed 8064K, reserved 1048576K
}
Event: 12.022 GC heap before
{Heap before GC invocations=12 (full 0):
 garbage-first heap   total 110592K, used 90124K [0x0000000600000000, 0x0000000800000000)
  region size 4096K, 15 young (61440K), 2 survivors (8192K)
 Metaspace       used 59283K, committed 60864K, reserved 1114112K
  class space    used 8257K, committed 9024K, reserved 1048576K
}
Event: 12.031 GC heap after
{Heap after GC invocations=13 (full 0):
 garbage-first heap   total 110592K, used 38795K [0x0000000600000000, 0x0000000800000000)
  region size 4096K, 2 young (8192K), 2 survivors (8192K)
 Metaspace       used 59283K, committed 60864K, reserved 1114112K
  class space    used 8257K, committed 9024K, reserved 1048576K
}
Event: 12.239 GC heap before
{Heap before GC invocations=13 (full 0):
 garbage-first heap   total 110592K, used 42891K [0x0000000600000000, 0x0000000800000000)
  region size 4096K, 4 young (16384K), 2 survivors (8192K)
 Metaspace       used 59674K, committed 61248K, reserved 1114112K
  class space    used 8312K, committed 9088K, reserved 1048576K
}
Event: 12.247 GC heap after
{Heap after GC invocations=14 (full 0):
 garbage-first heap   total 110592K, used 40385K [0x0000000600000000, 0x0000000800000000)
  region size 4096K, 1 young (4096K), 1 survivors (4096K)
 Metaspace       used 59674K, committed 61248K, reserved 1114112K
  class space    used 8312K, committed 9088K, reserved 1048576K
}
Event: 13.395 GC heap before
{Heap before GC invocations=15 (full 0):
 garbage-first heap   total 110592K, used 89537K [0x0000000600000000, 0x0000000800000000)
  region size 4096K, 14 young (57344K), 1 survivors (4096K)
 Metaspace       used 63737K, committed 65472K, reserved 1114112K
  class space    used 8984K, committed 9856K, reserved 1048576K
}

