# JRE version: OpenJDK Runtime Environment (21.0.7) (build 21.0.7+-13880790-b1038.58)
# Java VM: OpenJDK 64-Bit Server VM (21.0.7+-13880790-b1038.58, mixed mode, tiered, compressed oops, compressed class ptrs, g1 gc, windows-amd64)
GC Precious Log:
 CardTable entry size: 512
 Card Set container configuration: InlinePtr #cards 4 size 8 Array Of Cards #cards 32 size 80 Howl #buckets 8 coarsen threshold 7372 Howl Bitmap #cards 1024 size 144 coarsen threshold 921 Card regions per heap region 1 cards per card region 8192
 CPUs: 4 total, 4 available
 Memory: 8067M
 Large Page Support: Disabled
 NUMA Support: Disabled
 Compressed Oops: Enabled (Zero based)
 Heap Region Size: 4M
 Heap Min Capacity: 8M
 Heap Initial Capacity: 128M
 Heap Max Capacity: 8G
 Pre-touch: Disabled
 Parallel Workers: 4
 Concurrent Workers: 1
 Concurrent Refinement Workers: 4
 Periodic GC: Disabled
Heap:
 garbage-first heap   total 311296K, used 147354K [0x0000000600000000, 0x0000000800000000)
  region size 4096K, 5 young (20480K), 2 survivors (8192K)
 Metaspace       used 126005K, committed 128384K, reserved 1179648K
  class space    used 17398K, committed 18560K, reserved 1048576K
GC Heap History (20 events):
Event: 18.160 GC heap before
{Heap before GC invocations=25 (full 0):
 garbage-first heap   total 139264K, used 115010K [0x0000000600000000, 0x0000000800000000)
  region size 4096K, 12 young (49152K), 1 survivors (4096K)
 Metaspace       used 88102K, committed 89984K, reserved 1179648K
  class space    used 12657K, committed 13568K, reserved 1048576K
}
Event: 18.172 GC heap after
{Heap after GC invocations=26 (full 0):
 garbage-first heap   total 143360K, used 86375K [0x0000000600000000, 0x0000000800000000)
  region size 4096K, 2 young (8192K), 2 survivors (8192K)
 Metaspace       used 88102K, committed 89984K, reserved 1179648K
  class space    used 12657K, committed 13568K, reserved 1048576K
}
Event: 18.820 GC heap before
{Heap before GC invocations=26 (full 0):
 garbage-first heap   total 143360K, used 119143K [0x0000000600000000, 0x0000000800000000)
  region size 4096K, 10 young (40960K), 2 survivors (8192K)
 Metaspace       used 93167K, committed 95104K, reserved 1179648K
  class space    used 13528K, committed 14464K, reserved 1048576K
}
Event: 18.827 GC heap after
{Heap after GC invocations=27 (full 0):
 garbage-first heap   total 172032K, used 88623K [0x0000000600000000, 0x0000000800000000)
  region size 4096K, 1 young (4096K), 1 survivors (4096K)
 Metaspace       used 93167K, committed 95104K, reserved 1179648K
  class space    used 13528K, committed 14464K, reserved 1048576K
}
Event: 20.169 GC heap before
{Heap before GC invocations=28 (full 0):
 garbage-first heap   total 172032K, used 162351K [0x0000000600000000, 0x0000000800000000)
  region size 4096K, 16 young (65536K), 1 survivors (4096K)
 Metaspace       used 100468K, committed 102528K, reserved 1179648K
  class space    used 14429K, committed 15424K, reserved 1048576K
}
Event: 20.180 GC heap after
{Heap after GC invocations=29 (full 0):
 garbage-first heap   total 180224K, used 101161K [0x0000000600000000, 0x0000000800000000)
  region size 4096K, 2 young (8192K), 2 survivors (8192K)
 Metaspace       used 100468K, committed 102528K, reserved 1179648K
  class space    used 14429K, committed 15424K, reserved 1048576K
}
Event: 20.540 GC heap before
{Heap before GC invocations=29 (full 0):
 garbage-first heap   total 180224K, used 150313K [0x0000000600000000, 0x0000000800000000)
  region size 4096K, 15 young (61440K), 2 survivors (8192K)
 Metaspace       used 100591K, committed 102656K, reserved 1179648K
  class space    used 14434K, committed 15424K, reserved 1048576K
}
Event: 20.566 GC heap after
{Heap after GC invocations=30 (full 0):
 garbage-first heap   total 184320K, used 107241K [0x0000000600000000, 0x0000000800000000)
  region size 4096K, 2 young (8192K), 2 survivors (8192K)
 Metaspace       used 100591K, committed 102656K, reserved 1179648K
  class space    used 14434K, committed 15424K, reserved 1048576K
}
Event: 21.038 GC heap before
{Heap before GC invocations=30 (full 0):
 garbage-first heap   total 184320K, used 152297K [0x0000000600000000, 0x0000000800000000)
  region size 4096K, 13 young (53248K), 2 survivors (8192K)
 Metaspace       used 103084K, committed 105088K, reserved 1179648K
  class space    used 14749K, committed 15744K, reserved 1048576K
}
Event: 21.055 GC heap after
{Heap after GC invocations=31 (full 0):
 garbage-first heap   total 184320K, used 115458K [0x0000000600000000, 0x0000000800000000)
  region size 4096K, 2 young (8192K), 2 survivors (8192K)
 Metaspace       used 103084K, committed 105088K, reserved 1179648K
  class space    used 14749K, committed 15744K, reserved 1048576K
}
Event: 21.825 GC heap before
{Heap before GC invocations=32 (full 0):
 garbage-first heap   total 200704K, used 164610K [0x0000000600000000, 0x0000000800000000)
  region size 4096K, 12 young (49152K), 2 survivors (8192K)
 Metaspace       used 106889K, committed 108928K, reserved 1179648K
  class space    used 15162K, committed 16128K, reserved 1048576K
}
Event: 21.836 GC heap after
{Heap after GC invocations=33 (full 0):
 garbage-first heap   total 200704K, used 129320K [0x0000000600000000, 0x0000000800000000)
  region size 4096K, 2 young (8192K), 2 survivors (8192K)
 Metaspace       used 106889K, committed 108928K, reserved 1179648K
  class space    used 15162K, committed 16128K, reserved 1048576K
}
Event: 22.437 GC heap before
{Heap before GC invocations=33 (full 0):
 garbage-first heap   total 200704K, used 170280K [0x0000000600000000, 0x0000000800000000)
  region size 4096K, 12 young (49152K), 2 survivors (8192K)
 Metaspace       used 111945K, committed 114112K, reserved 1179648K
  class space    used 15629K, committed 16704K, reserved 1048576K
}
Event: 22.444 GC heap after
{Heap after GC invocations=34 (full 0):
 garbage-first heap   total 200704K, used 131301K [0x0000000600000000, 0x0000000800000000)
  region size 4096K, 1 young (4096K), 1 survivors (4096K)
 Metaspace       used 111945K, committed 114112K, reserved 1179648K
  class space    used 15629K, committed 16704K, reserved 1048576K
}
Event: 23.296 GC heap before
{Heap before GC invocations=34 (full 0):
 garbage-first heap   total 200704K, used 176357K [0x0000000600000000, 0x0000000800000000)
  region size 4096K, 12 young (49152K), 1 survivors (4096K)
 Metaspace       used 116986K, committed 119360K, reserved 1179648K
  class space    used 16304K, committed 17472K, reserved 1048576K
}
Event: 23.306 GC heap after
{Heap after GC invocations=35 (full 0):
 garbage-first heap   total 200704K, used 134361K [0x0000000600000000, 0x0000000800000000)
  region size 4096K, 2 young (8192K), 2 survivors (8192K)
 Metaspace       used 116986K, committed 119360K, reserved 1179648K
  class space    used 16304K, committed 17472K, reserved 1048576K
}
Event: 24.046 GC heap before
{Heap before GC invocations=36 (full 0):
 garbage-first heap   total 233472K, used 171225K [0x0000000600000000, 0x0000000800000000)
  region size 4096K, 11 young (45056K), 2 survivors (8192K)
 Metaspace       used 120855K, committed 123200K, reserved 1179648K
  class space    used 16827K, committed 17984K, reserved 1048576K
}
Event: 24.063 GC heap after
{Heap after GC invocations=37 (full 0):
 garbage-first heap   total 233472K, used 139024K [0x0000000600000000, 0x0000000800000000)
  region size 4096K, 2 young (8192K), 2 survivors (8192K)
 Metaspace       used 120855K, committed 123200K, reserved 1179648K
  class space    used 16827K, committed 17984K, reserved 1048576K
}
Event: 25.070 GC heap before
{Heap before GC invocations=37 (full 0):
 garbage-first heap   total 233472K, used 208656K [0x0000000600000000, 0x0000000800000000)
  region size 4096K, 19 young (77824K), 2 survivors (8192K)
 Metaspace       used 124992K, committed 127296K, reserved 1179648K
  class space    used 17306K, committed 18432K, reserved 1048576K
}
Event: 25.088 GC heap after
{Heap after GC invocations=38 (full 0):
 garbage-first heap   total 311296K, used 139162K [0x0000000600000000, 0x0000000800000000)
  region size 4096K, 2 young (8192K), 2 survivors (8192K)
 Metaspace       used 124992K, committed 127296K, reserved 1179648K
  class space    used 17306K, committed 18432K, reserved 1048576K
}

