# JRE version: OpenJDK Runtime Environment Temurin-17.0.17+10 (17.0.17+10) (build 17.0.17+10)
# Java VM: OpenJDK 64-Bit Server VM Temurin-17.0.17+10 (17.0.17+10, mixed mode, sharing, tiered, compressed oops, compressed class ptrs, g1 gc, windows-amd64)
GC Precious Log:
 CPUs: 4 total, 4 available
 Memory: 8067M
 Large Page Support: Disabled
 NUMA Support: Disabled
 Compressed Oops: Enabled (Zero based)
 Heap Region Size: 4M
 Heap Min Capacity: 8M
 Heap Initial Capacity: 128M
 Heap Max Capacity: 8G
 Pre-touch: Disabled
 Parallel Workers: 4
 Concurrent Workers: 1
 Concurrent Refinement Workers: 4
 Periodic GC: Disabled
Heap:
 garbage-first heap   total 1269760K, used 172914K [0x0000000600000000, 0x0000000800000000)
  region size 4096K, 1 young (4096K), 1 survivors (4096K)
 Metaspace       used 132838K, committed 133696K, reserved 1179648K
  class space    used 17013K, committed 17408K, reserved 1048576K
GC Heap History (20 events):
Event: 33.923 GC heap after
{Heap after GC invocations=32 (full 0):
 garbage-first heap   total 495616K, used 81342K [0x0000000600000000, 0x0000000800000000)
  region size 4096K, 1 young (4096K), 1 survivors (4096K)
 Metaspace       used 105363K, committed 106048K, reserved 1179648K
  class space    used 13509K, committed 13824K, reserved 1048576K
}
Event: 48.834 GC heap before
{Heap before GC invocations=32 (full 0):
 garbage-first heap   total 495616K, used 376254K [0x0000000600000000, 0x0000000800000000)
  region size 4096K, 72 young (294912K), 1 survivors (4096K)
 Metaspace       used 121178K, committed 121920K, reserved 1179648K
  class space    used 15779K, committed 16128K, reserved 1048576K
}
Event: 48.962 GC heap after
{Heap after GC invocations=33 (full 0):
 garbage-first heap   total 495616K, used 115020K [0x0000000600000000, 0x0000000800000000)
  region size 4096K, 7 young (28672K), 7 survivors (28672K)
 Metaspace       used 121178K, committed 121920K, reserved 1179648K
  class space    used 15779K, committed 16128K, reserved 1048576K
}
Event: 57.210 GC heap before
{Heap before GC invocations=33 (full 0):
 garbage-first heap   total 495616K, used 373068K [0x0000000600000000, 0x0000000800000000)
  region size 4096K, 69 young (282624K), 7 survivors (28672K)
 Metaspace       used 128800K, committed 129664K, reserved 1179648K
  class space    used 16724K, committed 17152K, reserved 1048576K
}
Event: 57.371 GC heap after
{Heap after GC invocations=34 (full 0):
 garbage-first heap   total 495616K, used 126585K [0x0000000600000000, 0x0000000800000000)
  region size 4096K, 4 young (16384K), 4 survivors (16384K)
 Metaspace       used 128800K, committed 129664K, reserved 1179648K
  class space    used 16724K, committed 17152K, reserved 1048576K
}
Event: 58.546 GC heap before
{Heap before GC invocations=34 (full 0):
 garbage-first heap   total 495616K, used 376441K [0x0000000600000000, 0x0000000800000000)
  region size 4096K, 66 young (270336K), 4 survivors (16384K)
 Metaspace       used 130634K, committed 131520K, reserved 1179648K
  class space    used 16812K, committed 17216K, reserved 1048576K
}
Event: 58.637 GC heap after
{Heap after GC invocations=35 (full 0):
 garbage-first heap   total 495616K, used 150366K [0x0000000600000000, 0x0000000800000000)
  region size 4096K, 9 young (36864K), 9 survivors (36864K)
 Metaspace       used 130634K, committed 131520K, reserved 1179648K
  class space    used 16812K, committed 17216K, reserved 1048576K
}
Event: 59.376 GC heap before
{Heap before GC invocations=35 (full 0):
 garbage-first heap   total 495616K, used 371550K [0x0000000600000000, 0x0000000800000000)
  region size 4096K, 64 young (262144K), 9 survivors (36864K)
 Metaspace       used 130715K, committed 131584K, reserved 1179648K
  class space    used 16813K, committed 17216K, reserved 1048576K
}
Event: 59.636 GC heap after
{Heap after GC invocations=36 (full 0):
 garbage-first heap   total 495616K, used 161535K [0x0000000600000000, 0x0000000800000000)
  region size 4096K, 4 young (16384K), 4 survivors (16384K)
 Metaspace       used 130715K, committed 131584K, reserved 1179648K
  class space    used 16813K, committed 17216K, reserved 1048576K
}
Event: 60.680 GC heap before
{Heap before GC invocations=36 (full 0):
 garbage-first heap   total 495616K, used 382719K [0x0000000600000000, 0x0000000800000000)
  region size 4096K, 58 young (237568K), 4 survivors (16384K)
 Metaspace       used 132510K, committed 133440K, reserved 1179648K
  class space    used 16996K, committed 17408K, reserved 1048576K
}
Event: 60.724 GC heap after
{Heap after GC invocations=37 (full 0):
 garbage-first heap   total 1269760K, used 165551K [0x0000000600000000, 0x0000000800000000)
  region size 4096K, 5 young (20480K), 5 survivors (20480K)
 Metaspace       used 132510K, committed 133440K, reserved 1179648K
  class space    used 16996K, committed 17408K, reserved 1048576K
}
Event: 70.980 GC heap before
{Heap before GC invocations=37 (full 0):
 garbage-first heap   total 1269760K, used 874159K [0x0000000600000000, 0x0000000800000000)
  region size 4096K, 178 young (729088K), 5 survivors (20480K)
 Metaspace       used 132827K, committed 133696K, reserved 1179648K
  class space    used 17012K, committed 17408K, reserved 1048576K
}
Event: 72.428 GC heap after
{Heap after GC invocations=38 (full 0):
 garbage-first heap   total 1269760K, used 171508K [0x0000000600000000, 0x0000000800000000)
  region size 4096K, 7 young (28672K), 7 survivors (28672K)
 Metaspace       used 132827K, committed 133696K, reserved 1179648K
  class space    used 17012K, committed 17408K, reserved 1048576K
}
Event: 72.781 GC heap before
{Heap before GC invocations=38 (full 0):
 garbage-first heap   total 1269760K, used 204276K [0x0000000600000000, 0x0000000800000000)
  region size 4096K, 15 young (61440K), 7 survivors (28672K)
 Metaspace       used 132829K, committed 133696K, reserved 1179648K
  class space    used 17013K, committed 17408K, reserved 1048576K
}
Event: 72.906 GC heap after
{Heap after GC invocations=39 (full 0):
 garbage-first heap   total 1269760K, used 174377K [0x0000000600000000, 0x0000000800000000)
  region size 4096K, 1 young (4096K), 1 survivors (4096K)
 Metaspace       used 132829K, committed 133696K, reserved 1179648K
  class space    used 17013K, committed 17408K, reserved 1048576K
}
Event: 73.123 GC heap before
{Heap before GC invocations=39 (full 0):
 garbage-first heap   total 1269760K, used 231721K [0x0000000600000000, 0x0000000800000000)
  region size 4096K, 15 young (61440K), 1 survivors (4096K)
 Metaspace       used 132833K, committed 133696K, reserved 1179648K
  class space    used 17013K, committed 17408K, reserved 1048576K
}
Event: 73.128 GC heap after
{Heap after GC invocations=40 (full 0):
 garbage-first heap   total 1269760K, used 171735K [0x0000000600000000, 0x0000000800000000)
  region size 4096K, 1 young (4096K), 1 survivors (4096K)
 Metaspace       used 132833K, committed 133696K, reserved 1179648K
  class space    used 17013K, committed 17408K, reserved 1048576K
}
Event: 73.268 GC heap before
{Heap before GC invocations=40 (full 0):
 garbage-first heap   total 1269760K, used 229079K [0x0000000600000000, 0x0000000800000000)
  region size 4096K, 15 young (61440K), 1 survivors (4096K)
 Metaspace       used 132833K, committed 133696K, reserved 1179648K
  class space    used 17013K, committed 17408K, reserved 1048576K
}
Event: 73.272 GC heap after
{Heap after GC invocations=41 (full 0):
 garbage-first heap   total 1269760K, used 171986K [0x0000000600000000, 0x0000000800000000)
  region size 4096K, 1 young (4096K), 1 survivors (4096K)
 Metaspace       used 132833K, committed 133696K, reserved 1179648K
  class space    used 17013K, committed 17408K, reserved 1048576K
}
Event: 73.703 GC heap before
{Heap before GC invocations=41 (full 0):
 garbage-first heap   total 1269760K, used 307154K [0x0000000600000000, 0x0000000800000000)
  region size 4096K, 34 young (139264K), 1 survivors (4096K)
 Metaspace       used 132838K, committed 133696K, reserved 1179648K
  class space    used 17013K, committed 17408K, reserved 1048576K
}

