# JRE version: OpenJDK Runtime Environment Temurin-17.0.17+10 (17.0.17+10) (build 17.0.17+10)
# Java VM: OpenJDK 64-Bit Server VM Temurin-17.0.17+10 (17.0.17+10, mixed mode, sharing, tiered, compressed oops, compressed class ptrs, g1 gc, windows-amd64)
GC Precious Log:
 CPUs: 4 total, 4 available
 Memory: 8067M
 Large Page Support: Disabled
 NUMA Support: Disabled
 Compressed Oops: Enabled (Zero based)
 Heap Region Size: 4M
 Heap Min Capacity: 8M
 Heap Initial Capacity: 128M
 Heap Max Capacity: 8G
 Pre-touch: Disabled
 Parallel Workers: 4
 Concurrent Workers: 1
 Concurrent Refinement Workers: 4
 Periodic GC: Disabled
Heap:
 garbage-first heap   total 487424K, used 140775K [0x0000000600000000, 0x0000000800000000)
  region size 4096K, 6 young (24576K), 6 survivors (24576K)
 Metaspace       used 70920K, committed 71680K, reserved 1114112K
  class space    used 9891K, committed 10240K, reserved 1048576K
GC Heap History (20 events):
Event: 30.948 GC heap after
{Heap after GC invocations=34 (full 0):
 garbage-first heap   total 319488K, used 120917K [0x0000000600000000, 0x0000000800000000)
  region size 4096K, 2 young (8192K), 2 survivors (8192K)
 Metaspace       used 70351K, committed 71040K, reserved 1114112K
  class space    used 9831K, committed 10176K, reserved 1048576K
}
Event: 31.330 GC heap before
{Heap before GC invocations=34 (full 0):
 garbage-first heap   total 319488K, used 264277K [0x0000000600000000, 0x0000000800000000)
  region size 4096K, 37 young (151552K), 2 survivors (8192K)
 Metaspace       used 70412K, committed 71104K, reserved 1114112K
  class space    used 9835K, committed 10176K, reserved 1048576K
}
Event: 31.339 GC heap after
{Heap after GC invocations=35 (full 0):
 garbage-first heap   total 319488K, used 122133K [0x0000000600000000, 0x0000000800000000)
  region size 4096K, 2 young (8192K), 2 survivors (8192K)
 Metaspace       used 70412K, committed 71104K, reserved 1114112K
  class space    used 9835K, committed 10176K, reserved 1048576K
}
Event: 31.632 GC heap before
{Heap before GC invocations=35 (full 0):
 garbage-first heap   total 319488K, used 269589K [0x0000000600000000, 0x0000000800000000)
  region size 4096K, 38 young (155648K), 2 survivors (8192K)
 Metaspace       used 70420K, committed 71104K, reserved 1114112K
  class space    used 9835K, committed 10176K, reserved 1048576K
}
Event: 31.642 GC heap after
{Heap after GC invocations=36 (full 0):
 garbage-first heap   total 389120K, used 123299K [0x0000000600000000, 0x0000000800000000)
  region size 4096K, 3 young (12288K), 3 survivors (12288K)
 Metaspace       used 70420K, committed 71104K, reserved 1114112K
  class space    used 9835K, committed 10176K, reserved 1048576K
}
Event: 32.718 GC heap before
{Heap before GC invocations=36 (full 0):
 garbage-first heap   total 389120K, used 324003K [0x0000000600000000, 0x0000000800000000)
  region size 4096K, 53 young (217088K), 3 survivors (12288K)
 Metaspace       used 70426K, committed 71104K, reserved 1114112K
  class space    used 9835K, committed 10176K, reserved 1048576K
}
Event: 32.738 GC heap after
{Heap after GC invocations=37 (full 0):
 garbage-first heap   total 389120K, used 126229K [0x0000000600000000, 0x0000000800000000)
  region size 4096K, 3 young (12288K), 3 survivors (12288K)
 Metaspace       used 70426K, committed 71104K, reserved 1114112K
  class space    used 9835K, committed 10176K, reserved 1048576K
}
Event: 33.237 GC heap before
{Heap before GC invocations=37 (full 0):
 garbage-first heap   total 389120K, used 331029K [0x0000000600000000, 0x0000000800000000)
  region size 4096K, 53 young (217088K), 3 survivors (12288K)
 Metaspace       used 70431K, committed 71104K, reserved 1114112K
  class space    used 9835K, committed 10176K, reserved 1048576K
}
Event: 33.250 GC heap after
{Heap after GC invocations=38 (full 0):
 garbage-first heap   total 389120K, used 128316K [0x0000000600000000, 0x0000000800000000)
  region size 4096K, 4 young (16384K), 4 survivors (16384K)
 Metaspace       used 70431K, committed 71104K, reserved 1114112K
  class space    used 9835K, committed 10176K, reserved 1048576K
}
Event: 33.731 GC heap before
{Heap before GC invocations=38 (full 0):
 garbage-first heap   total 389120K, used 329020K [0x0000000600000000, 0x0000000800000000)
  region size 4096K, 53 young (217088K), 4 survivors (16384K)
 Metaspace       used 70550K, committed 71232K, reserved 1114112K
  class space    used 9855K, committed 10176K, reserved 1048576K
}
Event: 33.751 GC heap after
{Heap after GC invocations=39 (full 0):
 garbage-first heap   total 389120K, used 128696K [0x0000000600000000, 0x0000000800000000)
  region size 4096K, 4 young (16384K), 4 survivors (16384K)
 Metaspace       used 70550K, committed 71232K, reserved 1114112K
  class space    used 9855K, committed 10176K, reserved 1048576K
}
Event: 34.376 GC heap before
{Heap before GC invocations=39 (full 0):
 garbage-first heap   total 389120K, used 329400K [0x0000000600000000, 0x0000000800000000)
  region size 4096K, 53 young (217088K), 4 survivors (16384K)
 Metaspace       used 70766K, committed 71552K, reserved 1114112K
  class space    used 9887K, committed 10240K, reserved 1048576K
}
Event: 34.394 GC heap after
{Heap after GC invocations=40 (full 0):
 garbage-first heap   total 487424K, used 131700K [0x0000000600000000, 0x0000000800000000)
  region size 4096K, 5 young (20480K), 5 survivors (20480K)
 Metaspace       used 70766K, committed 71552K, reserved 1114112K
  class space    used 9887K, committed 10240K, reserved 1048576K
}
Event: 35.278 GC heap before
{Heap before GC invocations=40 (full 0):
 garbage-first heap   total 487424K, used 402036K [0x0000000600000000, 0x0000000800000000)
  region size 4096K, 71 young (290816K), 5 survivors (20480K)
 Metaspace       used 70824K, committed 71552K, reserved 1114112K
  class space    used 9888K, committed 10240K, reserved 1048576K
}
Event: 35.302 GC heap after
{Heap after GC invocations=41 (full 0):
 garbage-first heap   total 487424K, used 131879K [0x0000000600000000, 0x0000000800000000)
  region size 4096K, 5 young (20480K), 5 survivors (20480K)
 Metaspace       used 70824K, committed 71552K, reserved 1114112K
  class space    used 9888K, committed 10240K, reserved 1048576K
}
Event: 36.773 GC heap before
{Heap before GC invocations=41 (full 0):
 garbage-first heap   total 487424K, used 398119K [0x0000000600000000, 0x0000000800000000)
  region size 4096K, 71 young (290816K), 5 survivors (20480K)
 Metaspace       used 70862K, committed 71616K, reserved 1114112K
  class space    used 9891K, committed 10240K, reserved 1048576K
}
Event: 36.803 GC heap after
{Heap after GC invocations=42 (full 0):
 garbage-first heap   total 487424K, used 135472K [0x0000000600000000, 0x0000000800000000)
  region size 4096K, 6 young (24576K), 6 survivors (24576K)
 Metaspace       used 70862K, committed 71616K, reserved 1114112K
  class space    used 9891K, committed 10240K, reserved 1048576K
}
Event: 38.011 GC heap before
{Heap before GC invocations=42 (full 0):
 garbage-first heap   total 487424K, used 401712K [0x0000000600000000, 0x0000000800000000)
  region size 4096K, 71 young (290816K), 6 survivors (24576K)
 Metaspace       used 70881K, committed 71616K, reserved 1114112K
  class space    used 9891K, committed 10240K, reserved 1048576K
}
Event: 38.049 GC heap after
{Heap after GC invocations=43 (full 0):
 garbage-first heap   total 487424K, used 139362K [0x0000000600000000, 0x0000000800000000)
  region size 4096K, 6 young (24576K), 6 survivors (24576K)
 Metaspace       used 70881K, committed 71616K, reserved 1114112K
  class space    used 9891K, committed 10240K, reserved 1048576K
}
Event: 39.215 GC heap before
{Heap before GC invocations=43 (full 0):
 garbage-first heap   total 487424K, used 405602K [0x0000000600000000, 0x0000000800000000)
  region size 4096K, 71 young (290816K), 6 survivors (24576K)
 Metaspace       used 70920K, committed 71680K, reserved 1114112K
  class space    used 9891K, committed 10240K, reserved 1048576K
}

